error: log is not defined {"timestamp":"2025-12-24T10:07:19.053Z"}
error: "type" is not allowed {"timestamp":"2025-12-24T10:07:44.769Z"}
error: error is not defined {"timestamp":"2025-12-24T10:07:44.781Z"}
error: "type" is not allowed {"timestamp":"2025-12-24T10:09:10.629Z"}
error: error is not defined {"timestamp":"2025-12-24T10:09:10.639Z"}
error: "type" is not allowed {"timestamp":"2025-12-24T10:09:47.493Z"}
error: error is not defined error is not defined {"stack":"ReferenceError: error is not defined\n    at C:\\Users\\TAM2\\Documents\\personal_proj\\inventory\\server\\routes\\items.js:39:60\n    at Layer.handleRequest (C:\\Users\\TAM2\\Documents\\personal_proj\\inventory\\server\\node_modules\\router\\lib\\layer.js:152:17)\n    at next (C:\\Users\\TAM2\\Documents\\personal_proj\\inventory\\server\\node_modules\\router\\lib\\route.js:157:13)\n    at Route.dispatch (C:\\Users\\TAM2\\Documents\\personal_proj\\inventory\\server\\node_modules\\router\\lib\\route.js:117:3)\n    at handle (C:\\Users\\TAM2\\Documents\\personal_proj\\inventory\\server\\node_modules\\router\\index.js:435:11)\n    at Layer.handleRequest (C:\\Users\\TAM2\\Documents\\personal_proj\\inventory\\server\\node_modules\\router\\lib\\layer.js:152:17)\n    at C:\\Users\\TAM2\\Documents\\personal_proj\\inventory\\server\\node_modules\\router\\index.js:295:15\n    at processParams (C:\\Users\\TAM2\\Documents\\personal_proj\\inventory\\server\\node_modules\\router\\index.js:582:12)\n    at next (C:\\Users\\TAM2\\Documents\\personal_proj\\inventory\\server\\node_modules\\router\\index.js:291:5)\n    at Function.handle (C:\\Users\\TAM2\\Documents\\personal_proj\\inventory\\server\\node_modules\\router\\index.js:186:3)","timestamp":"2025-12-24T10:09:47.505Z"}
error: "type" is not allowed {"timestamp":"2025-12-24T10:10:32.214Z"}
error: Cannot read properties of undefined (reading 'details') Cannot read properties of undefined (reading 'details') {"stack":"TypeError: Cannot read properties of undefined (reading 'details')\n    at validateSchema (C:\\Users\\TAM2\\Documents\\personal_proj\\inventory\\server\\routes\\items.js:143:22)\n    at C:\\Users\\TAM2\\Documents\\personal_proj\\inventory\\server\\routes\\items.js:38:17\n    at Layer.handleRequest (C:\\Users\\TAM2\\Documents\\personal_proj\\inventory\\server\\node_modules\\router\\lib\\layer.js:152:17)\n    at next (C:\\Users\\TAM2\\Documents\\personal_proj\\inventory\\server\\node_modules\\router\\lib\\route.js:157:13)\n    at Route.dispatch (C:\\Users\\TAM2\\Documents\\personal_proj\\inventory\\server\\node_modules\\router\\lib\\route.js:117:3)\n    at handle (C:\\Users\\TAM2\\Documents\\personal_proj\\inventory\\server\\node_modules\\router\\index.js:435:11)\n    at Layer.handleRequest (C:\\Users\\TAM2\\Documents\\personal_proj\\inventory\\server\\node_modules\\router\\lib\\layer.js:152:17)\n    at C:\\Users\\TAM2\\Documents\\personal_proj\\inventory\\server\\node_modules\\router\\index.js:295:15\n    at processParams (C:\\Users\\TAM2\\Documents\\personal_proj\\inventory\\server\\node_modules\\router\\index.js:582:12)\n    at next (C:\\Users\\TAM2\\Documents\\personal_proj\\inventory\\server\\node_modules\\router\\index.js:291:5)","timestamp":"2025-12-24T10:11:43.026Z"}
error: Cannot read properties of undefined (reading 'details') Cannot read properties of undefined (reading 'details') {"stack":"TypeError: Cannot read properties of undefined (reading 'details')\n    at validateSchema (C:\\Users\\TAM2\\Documents\\personal_proj\\inventory\\server\\routes\\items.js:144:22)\n    at C:\\Users\\TAM2\\Documents\\personal_proj\\inventory\\server\\routes\\items.js:38:17\n    at Layer.handleRequest (C:\\Users\\TAM2\\Documents\\personal_proj\\inventory\\server\\node_modules\\router\\lib\\layer.js:152:17)\n    at next (C:\\Users\\TAM2\\Documents\\personal_proj\\inventory\\server\\node_modules\\router\\lib\\route.js:157:13)\n    at Route.dispatch (C:\\Users\\TAM2\\Documents\\personal_proj\\inventory\\server\\node_modules\\router\\lib\\route.js:117:3)\n    at handle (C:\\Users\\TAM2\\Documents\\personal_proj\\inventory\\server\\node_modules\\router\\index.js:435:11)\n    at Layer.handleRequest (C:\\Users\\TAM2\\Documents\\personal_proj\\inventory\\server\\node_modules\\router\\lib\\layer.js:152:17)\n    at C:\\Users\\TAM2\\Documents\\personal_proj\\inventory\\server\\node_modules\\router\\index.js:295:15\n    at processParams (C:\\Users\\TAM2\\Documents\\personal_proj\\inventory\\server\\node_modules\\router\\index.js:582:12)\n    at next (C:\\Users\\TAM2\\Documents\\personal_proj\\inventory\\server\\node_modules\\router\\index.js:291:5)","timestamp":"2025-12-24T10:12:26.996Z"}
error: Cannot read properties of undefined (reading 'details') Cannot read properties of undefined (reading 'details') {"stack":"TypeError: Cannot read properties of undefined (reading 'details')\n    at validateSchema (C:\\Users\\TAM2\\Documents\\personal_proj\\inventory\\server\\routes\\items.js:144:22)\n    at C:\\Users\\TAM2\\Documents\\personal_proj\\inventory\\server\\routes\\items.js:38:17\n    at Layer.handleRequest (C:\\Users\\TAM2\\Documents\\personal_proj\\inventory\\server\\node_modules\\router\\lib\\layer.js:152:17)\n    at next (C:\\Users\\TAM2\\Documents\\personal_proj\\inventory\\server\\node_modules\\router\\lib\\route.js:157:13)\n    at Route.dispatch (C:\\Users\\TAM2\\Documents\\personal_proj\\inventory\\server\\node_modules\\router\\lib\\route.js:117:3)\n    at handle (C:\\Users\\TAM2\\Documents\\personal_proj\\inventory\\server\\node_modules\\router\\index.js:435:11)\n    at Layer.handleRequest (C:\\Users\\TAM2\\Documents\\personal_proj\\inventory\\server\\node_modules\\router\\lib\\layer.js:152:17)\n    at C:\\Users\\TAM2\\Documents\\personal_proj\\inventory\\server\\node_modules\\router\\index.js:295:15\n    at processParams (C:\\Users\\TAM2\\Documents\\personal_proj\\inventory\\server\\node_modules\\router\\index.js:582:12)\n    at next (C:\\Users\\TAM2\\Documents\\personal_proj\\inventory\\server\\node_modules\\router\\index.js:291:5)","timestamp":"2025-12-24T10:13:01.793Z"}
error: Cannot read properties of undefined (reading 'details') Cannot read properties of undefined (reading 'details') {"stack":"TypeError: Cannot read properties of undefined (reading 'details')\n    at validateSchema (C:\\Users\\TAM2\\Documents\\personal_proj\\inventory\\server\\routes\\items.js:145:22)\n    at C:\\Users\\TAM2\\Documents\\personal_proj\\inventory\\server\\routes\\items.js:38:17\n    at Layer.handleRequest (C:\\Users\\TAM2\\Documents\\personal_proj\\inventory\\server\\node_modules\\router\\lib\\layer.js:152:17)\n    at next (C:\\Users\\TAM2\\Documents\\personal_proj\\inventory\\server\\node_modules\\router\\lib\\route.js:157:13)\n    at Route.dispatch (C:\\Users\\TAM2\\Documents\\personal_proj\\inventory\\server\\node_modules\\router\\lib\\route.js:117:3)\n    at handle (C:\\Users\\TAM2\\Documents\\personal_proj\\inventory\\server\\node_modules\\router\\index.js:435:11)\n    at Layer.handleRequest (C:\\Users\\TAM2\\Documents\\personal_proj\\inventory\\server\\node_modules\\router\\lib\\layer.js:152:17)\n    at C:\\Users\\TAM2\\Documents\\personal_proj\\inventory\\server\\node_modules\\router\\index.js:295:15\n    at processParams (C:\\Users\\TAM2\\Documents\\personal_proj\\inventory\\server\\node_modules\\router\\index.js:582:12)\n    at next (C:\\Users\\TAM2\\Documents\\personal_proj\\inventory\\server\\node_modules\\router\\index.js:291:5)","timestamp":"2025-12-24T10:13:30.846Z"}
error: "item_name" must be one of [battery, panel, tire] {"timestamp":"2025-12-24T10:14:20.815Z"}
error: quantity is not defined quantity is not defined {"stack":"ReferenceError: quantity is not defined\n    at C:\\Users\\TAM2\\Documents\\personal_proj\\inventory\\server\\routes\\items.js:108:19\n    at Layer.handleRequest (C:\\Users\\TAM2\\Documents\\personal_proj\\inventory\\server\\node_modules\\router\\lib\\layer.js:152:17)\n    at next (C:\\Users\\TAM2\\Documents\\personal_proj\\inventory\\server\\node_modules\\router\\lib\\route.js:157:13)\n    at Route.dispatch (C:\\Users\\TAM2\\Documents\\personal_proj\\inventory\\server\\node_modules\\router\\lib\\route.js:117:3)\n    at handle (C:\\Users\\TAM2\\Documents\\personal_proj\\inventory\\server\\node_modules\\router\\index.js:435:11)\n    at Layer.handleRequest (C:\\Users\\TAM2\\Documents\\personal_proj\\inventory\\server\\node_modules\\router\\lib\\layer.js:152:17)\n    at C:\\Users\\TAM2\\Documents\\personal_proj\\inventory\\server\\node_modules\\router\\index.js:295:15\n    at param (C:\\Users\\TAM2\\Documents\\personal_proj\\inventory\\server\\node_modules\\router\\index.js:600:14)\n    at param (C:\\Users\\TAM2\\Documents\\personal_proj\\inventory\\server\\node_modules\\router\\index.js:610:14)\n    at processParams (C:\\Users\\TAM2\\Documents\\personal_proj\\inventory\\server\\node_modules\\router\\index.js:664:3)","timestamp":"2025-12-24T10:41:49.853Z"}
error: Cannot read properties of undefined (reading 'split') Cannot read properties of undefined (reading 'split') {"stack":"TypeError: Cannot read properties of undefined (reading 'split')\n    at C:\\Users\\TAM2\\Documents\\personal_proj\\inventory\\server\\routes\\dashboard.js:45:34\n    at Array.forEach (<anonymous>)\n    at C:\\Users\\TAM2\\Documents\\personal_proj\\inventory\\server\\routes\\dashboard.js:42:20\n    at Array.forEach (<anonymous>)\n    at C:\\Users\\TAM2\\Documents\\personal_proj\\inventory\\server\\routes\\dashboard.js:41:8\n    at Layer.handleRequest (C:\\Users\\TAM2\\Documents\\personal_proj\\inventory\\server\\node_modules\\router\\lib\\layer.js:152:17)\n    at next (C:\\Users\\TAM2\\Documents\\personal_proj\\inventory\\server\\node_modules\\router\\lib\\route.js:157:13)\n    at Route.dispatch (C:\\Users\\TAM2\\Documents\\personal_proj\\inventory\\server\\node_modules\\router\\lib\\route.js:117:3)\n    at handle (C:\\Users\\TAM2\\Documents\\personal_proj\\inventory\\server\\node_modules\\router\\index.js:435:11)\n    at Layer.handleRequest (C:\\Users\\TAM2\\Documents\\personal_proj\\inventory\\server\\node_modules\\router\\lib\\layer.js:152:17)","timestamp":"2025-12-24T12:15:28.169Z"}
error: loadData is not defined loadData is not defined {"stack":"ReferenceError: loadData is not defined\n    at C:\\Users\\TAM2\\Documents\\personal_proj\\inventory\\server\\routes\\items.js:35:16\n    at Layer.handleRequest (C:\\Users\\TAM2\\Documents\\personal_proj\\inventory\\server\\node_modules\\router\\lib\\layer.js:152:17)\n    at next (C:\\Users\\TAM2\\Documents\\personal_proj\\inventory\\server\\node_modules\\router\\lib\\route.js:157:13)\n    at Route.dispatch (C:\\Users\\TAM2\\Documents\\personal_proj\\inventory\\server\\node_modules\\router\\lib\\route.js:117:3)\n    at handle (C:\\Users\\TAM2\\Documents\\personal_proj\\inventory\\server\\node_modules\\router\\index.js:435:11)\n    at Layer.handleRequest (C:\\Users\\TAM2\\Documents\\personal_proj\\inventory\\server\\node_modules\\router\\lib\\layer.js:152:17)\n    at C:\\Users\\TAM2\\Documents\\personal_proj\\inventory\\server\\node_modules\\router\\index.js:295:15\n    at processParams (C:\\Users\\TAM2\\Documents\\personal_proj\\inventory\\server\\node_modules\\router\\index.js:582:12)\n    at next (C:\\Users\\TAM2\\Documents\\personal_proj\\inventory\\server\\node_modules\\router\\index.js:291:5)\n    at Function.handle (C:\\Users\\TAM2\\Documents\\personal_proj\\inventory\\server\\node_modules\\router\\index.js:186:3)","timestamp":"2025-12-24T12:21:58.726Z"}
error: loadData is not defined loadData is not defined {"stack":"ReferenceError: loadData is not defined\n    at C:\\Users\\TAM2\\Documents\\personal_proj\\inventory\\server\\routes\\items.js:35:16\n    at Layer.handleRequest (C:\\Users\\TAM2\\Documents\\personal_proj\\inventory\\server\\node_modules\\router\\lib\\layer.js:152:17)\n    at next (C:\\Users\\TAM2\\Documents\\personal_proj\\inventory\\server\\node_modules\\router\\lib\\route.js:157:13)\n    at Route.dispatch (C:\\Users\\TAM2\\Documents\\personal_proj\\inventory\\server\\node_modules\\router\\lib\\route.js:117:3)\n    at handle (C:\\Users\\TAM2\\Documents\\personal_proj\\inventory\\server\\node_modules\\router\\index.js:435:11)\n    at Layer.handleRequest (C:\\Users\\TAM2\\Documents\\personal_proj\\inventory\\server\\node_modules\\router\\lib\\layer.js:152:17)\n    at C:\\Users\\TAM2\\Documents\\personal_proj\\inventory\\server\\node_modules\\router\\index.js:295:15\n    at processParams (C:\\Users\\TAM2\\Documents\\personal_proj\\inventory\\server\\node_modules\\router\\index.js:582:12)\n    at next (C:\\Users\\TAM2\\Documents\\personal_proj\\inventory\\server\\node_modules\\router\\index.js:291:5)\n    at Function.handle (C:\\Users\\TAM2\\Documents\\personal_proj\\inventory\\server\\node_modules\\router\\index.js:186:3)","timestamp":"2025-12-24T12:22:26.821Z"}
